<?xml version="1.0" encoding="UTF-8"?>
<!-- Generated by org.testng.reporters.JUnitReportReporter -->
<testsuite skipped="0" hostname="nagendra-ThinkPad-X220" name="com.example.rest.ExampleGet" tests="1" failures="0" timestamp="25 Jun 2018 04:49:14 GMT" time="3.558" errors="0">
  <testcase name="getMethodTest" time="3.558" classname="com.example.rest.ExampleGet"/>
</testsuite> <!-- com.example.rest.ExampleGet -->
