<?xml version="1.0" encoding="UTF-8"?>
<!-- Generated by org.testng.reporters.JUnitReportReporter -->
<testsuite skipped="0" hostname="nagendra-ThinkPad-X220" name="com.example.rest.ExamplePostRequest" tests="1" failures="0" timestamp="25 Jun 2018 11:23:43 GMT" time="2.891" errors="0">
  <testcase name="testPostRequest" time="2.891" classname="com.example.rest.ExamplePostRequest"/>
</testsuite> <!-- com.example.rest.ExamplePostRequest -->
